<?xml version="1.0" encoding="UTF-8"?>
<robot generator="Robot 3.1.2 (Python 3.7.6 on win32)" generated="20200715 01:04:04.755" rpa="false">
<suite id="s1" name="Para-Bank-Demo-Project" source="C:\Users\adnane chahly\Desktop\All Folders\ENVIRONNEMENTDEV\eclipse\ws\para-bank-demo-project">
<suite id="s1-s1" name="Cases" source="C:\Users\adnane chahly\Desktop\All Folders\ENVIRONNEMENTDEV\eclipse\ws\para-bank-demo-project\cases">
<suite id="s1-s1-s1" name="Authentication Test Suite" source="C:\Users\adnane chahly\Desktop\All Folders\ENVIRONNEMENTDEV\eclipse\ws\para-bank-demo-project\cases\authentication_test_suite.robot">
<kw name="Open My browser" library="shared_keywords" type="setup">
<kw name="Open Browser" library="SeleniumLibrary">
<doc>Opens a new browser instance to the optional ``url``.</doc>
<arguments>
<arg>${URL}</arg>
<arg>${BROWSER}</arg>
<arg>${ALIAS}</arg>
</arguments>
<msg timestamp="20200715 01:04:40.435" level="INFO">Opening browser 'chrome' to base url 'https://parabank.parasoft.com/parabank/index.htm'.</msg>
<status status="PASS" starttime="20200715 01:04:40.435" endtime="20200715 01:05:15.126"></status>
</kw>
<status status="PASS" starttime="20200715 01:04:40.434" endtime="20200715 01:05:15.279"></status>
</kw>
<test id="s1-s1-s1-t1" name="Log Out From Your Account">
<kw name="Enter Your Username" library="authentication_keywords">
<arguments>
<arg>${USERNAME}</arg>
</arguments>
<kw name="Wait Until Page Contains Element" library="SeleniumLibrary">
<doc>Waits until the element ``locator`` appears on the current page.</doc>
<arguments>
<arg>${USERNAME XPATH}</arg>
</arguments>
<kw name="Capture Page Screenshot" library="SeleniumLibrary">
<doc>Takes a screenshot of the current page and embeds it into a log file.</doc>
<msg timestamp="20200715 01:05:33.310" level="FAIL">NoSuchWindowException: Message: no such window: target window already closed
from unknown error: web view not found
  (Session info: chrome=83.0.4103.116)
</msg>
<status status="FAIL" starttime="20200715 01:05:31.939" endtime="20200715 01:05:33.310"></status>
</kw>
<msg timestamp="20200715 01:05:33.311" level="WARN">Keyword 'Capture Page Screenshot' could not be run on failure: NoSuchWindowException: Message: no such window: target window already closed
from unknown error: web view not found
  (Session info: chrome=83.0.4103.116)
</msg>
<msg timestamp="20200715 01:05:33.521" level="FAIL">Element '//input[@name="username"]' did not appear in 5 seconds.</msg>
<status status="FAIL" starttime="20200715 01:05:15.280" endtime="20200715 01:05:33.521"></status>
</kw>
<status status="FAIL" starttime="20200715 01:05:15.280" endtime="20200715 01:05:33.522"></status>
</kw>
<tags>
<tag>smoke test</tag>
</tags>
<status status="FAIL" starttime="20200715 01:05:15.279" endtime="20200715 01:05:33.522" critical="yes">Element '//input[@name="username"]' did not appear in 5 seconds.</status>
</test>
<status status="FAIL" starttime="20200715 01:04:38.540" endtime="20200715 01:05:33.524"></status>
</suite>
<status status="FAIL" starttime="20200715 01:04:38.536" endtime="20200715 01:05:33.528"></status>
</suite>
<status status="FAIL" starttime="20200715 01:04:38.464" endtime="20200715 01:05:33.531"></status>
</suite>
<statistics>
<total>
<stat pass="0" fail="1">Critical Tests</stat>
<stat pass="0" fail="1">All Tests</stat>
</total>
<tag>
<stat pass="0" fail="1">smoke test</stat>
</tag>
<suite>
<stat pass="0" fail="1" id="s1" name="Para-Bank-Demo-Project">Para-Bank-Demo-Project</stat>
<stat pass="0" fail="1" id="s1-s1" name="Cases">Para-Bank-Demo-Project.Cases</stat>
<stat pass="0" fail="1" id="s1-s1-s1" name="Authentication Test Suite">Para-Bank-Demo-Project.Cases.Authentication Test Suite</stat>
</suite>
</statistics>
<errors>
<msg timestamp="20200715 01:05:33.311" level="WARN">Keyword 'Capture Page Screenshot' could not be run on failure: NoSuchWindowException: Message: no such window: target window already closed
from unknown error: web view not found
  (Session info: chrome=83.0.4103.116)
</msg>
</errors>
</robot>
